{
  "stats": {
    "suites": 1,
    "tests": 3,
    "passes": 3,
    "pending": 0,
    "failures": 0,
    "start": "2024-10-03T14:34:40.052Z",
    "end": "2024-10-03T14:34:55.476Z",
    "duration": 15424,
    "testsRegistered": 3,
    "passPercent": 100,
    "pendingPercent": 0,
    "other": 0,
    "hasOther": false,
    "skipped": 0,
    "hasSkipped": false
  },
  "results": [
    {
      "uuid": "88319924-d176-46bc-a846-1eb6006bc0f2",
      "title": "",
      "fullFile": "cypress/e2e/demoblaze.cy.js",
      "file": "cypress/e2e/demoblaze.cy.js",
      "beforeHooks": [],
      "afterHooks": [],
      "tests": [],
      "suites": [
        {
          "uuid": "13251c17-3b27-4182-bdcc-f3e3f9109536",
          "title": "demoblaze test",
          "fullFile": "",
          "file": "",
          "beforeHooks": [],
          "afterHooks": [],
          "tests": [
            {
              "title": "sign up / registro",
              "fullTitle": "demoblaze test sign up / registro",
              "timedOut": null,
              "duration": 3518,
              "state": "passed",
              "speed": "fast",
              "pass": true,
              "fail": false,
              "pending": false,
              "context": null,
              "code": "cy.get('#signin2').click({\n  force: true\n});\ncy.get('#sign-username').type(username, {\n  timeout: 3000,\n  focus: true,\n  force: true\n});\ncy.get('#sign-password').type(password, {\n  focus: true,\n  force: true\n});\ncy.get('#signInModal > .modal-dialog > .modal-content > .modal-footer > .btn-primary').click({\n  force: true\n});\ncy.wait(2000);\ncy.on('window:alert', t => {\n  expect(t).to.contains('Sign up successful.');\n});",
              "err": {},
              "uuid": "4d761f8b-1b25-4f36-b1ca-95de0375d19a",
              "parentUUID": "13251c17-3b27-4182-bdcc-f3e3f9109536",
              "isHook": false,
              "skipped": false
            },
            {
              "title": "login ",
              "fullTitle": "demoblaze test login ",
              "timedOut": null,
              "duration": 1856,
              "state": "passed",
              "speed": "fast",
              "pass": true,
              "fail": false,
              "pending": false,
              "context": null,
              "code": "login();",
              "err": {},
              "uuid": "2fb15de2-7336-47ae-b29d-118b91f8d256",
              "parentUUID": "13251c17-3b27-4182-bdcc-f3e3f9109536",
              "isHook": false,
              "skipped": false
            },
            {
              "title": "compra de celular",
              "fullTitle": "demoblaze test compra de celular",
              "timedOut": null,
              "duration": 8155,
              "state": "passed",
              "speed": "medium",
              "pass": true,
              "fail": false,
              "pending": false,
              "context": null,
              "code": "login();\n//agregar celular\ncy.get(`[onclick=\"byCat('phone')\"]`).click({\n  force: true\n});\ncy.get(':nth-child(1) > .card > .card-block > .card-title > .hrefch').click({\n  force: true\n});\ncy.get('.col-sm-12 > .btn').click({\n  force: true\n});\ncy.get('#cartur').click({\n  force: true\n});\ncy.get('.col-lg-1 > .btn').click({\n  force: true\n});\n//formulario compra\ncy.get('#name').type(_faker.faker.person.fullName(), {\n  focus: true,\n  force: true\n});\ncy.get('#country').type(_faker.faker.location.country());\ncy.get('#city').type(_faker.faker.location.city());\ncy.get('#card').type(_faker.faker.finance.creditCardNumber('visa'));\ncy.get('#month').type(_faker.faker.date.month());\ncy.get('#year').type(\"2024\");\ncy.get('#orderModal > .modal-dialog > .modal-content > .modal-footer > .btn-primary').click({\n  force: true\n});\ncy.wait(3000);\ncy.get('.sweet-alert > h2').should('have.text', 'Thank you for your purchase!');\ncy.get('.confirm').click({\n  force: true\n});",
              "err": {},
              "uuid": "4ea06062-47bb-477d-b480-68d2c85cdb1a",
              "parentUUID": "13251c17-3b27-4182-bdcc-f3e3f9109536",
              "isHook": false,
              "skipped": false
            }
          ],
          "suites": [],
          "passes": [
            "4d761f8b-1b25-4f36-b1ca-95de0375d19a",
            "2fb15de2-7336-47ae-b29d-118b91f8d256",
            "4ea06062-47bb-477d-b480-68d2c85cdb1a"
          ],
          "failures": [],
          "pending": [],
          "skipped": [],
          "duration": 13529,
          "root": false,
          "rootEmpty": false,
          "_timeout": 2000
        }
      ],
      "passes": [],
      "failures": [],
      "pending": [],
      "skipped": [],
      "duration": 0,
      "root": true,
      "rootEmpty": true,
      "_timeout": 2000
    }
  ],
  "meta": {
    "mocha": {
      "version": "7.0.1"
    },
    "mochawesome": {
      "options": {
        "quiet": false,
        "reportFilename": "mochawesome",
        "saveHtml": false,
        "saveJson": true,
        "consoleReporter": "spec",
        "useInlineDiffs": false,
        "code": true
      },
      "version": "7.1.3"
    },
    "marge": {
      "options": {
        "reportDir": "cypress/results",
        "overwrite": false,
        "html": false,
        "json": true
      },
      "version": "6.2.0"
    }
  }
}